Added Component: Designator=C1(C0402_L)
Add component (AddParameter): Name = "BOM名称"; Value = "无极性贴片电容"; VariantName = "[No Variations]"
Add component (AddParameter): Name = "联系卖家，免费查找封装"; Value = "唯一出售店铺网址https://shop463601444.taobao.com"; VariantName = "[No Variations]"
Added Component: Designator=C2(C0402_L)
Add component (AddParameter): Name = "BOM名称"; Value = "无极性贴片电容"; VariantName = "[No Variations]"
Add component (AddParameter): Name = "联系卖家，免费查找封装"; Value = "唯一出售店铺网址https://shop463601444.taobao.com"; VariantName = "[No Variations]"
Added Component: Designator=C3(C0603_L)
Add component (AddParameter): Name = "BOM名称"; Value = "无极性贴片电容"; VariantName = "[No Variations]"
Add component (AddParameter): Name = "联系卖家，免费查找封装"; Value = "唯一出售店铺网址https://shop463601444.taobao.com"; VariantName = "[No Variations]"
Added Component: Designator=C4(C0603_L)
Add component (AddParameter): Name = "BOM名称"; Value = "无极性贴片电容"; VariantName = "[No Variations]"
Add component (AddParameter): Name = "联系卖家，免费查找封装"; Value = "唯一出售店铺网址https://shop463601444.taobao.com"; VariantName = "[No Variations]"
Added Component: Designator=C5(C0402_L)
Add component (AddParameter): Name = "BOM名称"; Value = "无极性贴片电容"; VariantName = "[No Variations]"
Add component (AddParameter): Name = "联系卖家，免费查找封装"; Value = "唯一出售店铺网址https://shop463601444.taobao.com"; VariantName = "[No Variations]"
Added Component: Designator=C6(C0603_L)
Add component (AddParameter): Name = "BOM名称"; Value = "无极性贴片电容"; VariantName = "[No Variations]"
Add component (AddParameter): Name = "联系卖家，免费查找封装"; Value = "唯一出售店铺网址https://shop463601444.taobao.com"; VariantName = "[No Variations]"
Added Component: Designator=C7(C0603_L)
Add component (AddParameter): Name = "BOM名称"; Value = "无极性贴片电容"; VariantName = "[No Variations]"
Add component (AddParameter): Name = "联系卖家，免费查找封装"; Value = "唯一出售店铺网址https://shop463601444.taobao.com"; VariantName = "[No Variations]"
Added Component: Designator=C8(C0603_L)
Add component (AddParameter): Name = "BOM名称"; Value = "无极性贴片电容"; VariantName = "[No Variations]"
Add component (AddParameter): Name = "联系卖家，免费查找封装"; Value = "唯一出售店铺网址https://shop463601444.taobao.com"; VariantName = "[No Variations]"
Added Component: Designator=C9(C0603_L)
Add component (AddParameter): Name = "BOM名称"; Value = "无极性贴片电容"; VariantName = "[No Variations]"
Add component (AddParameter): Name = "联系卖家，免费查找封装"; Value = "唯一出售店铺网址https://shop463601444.taobao.com"; VariantName = "[No Variations]"
Added Component: Designator=C10(C0402_L)
Add component (AddParameter): Name = "BOM名称"; Value = "无极性贴片电容"; VariantName = "[No Variations]"
Add component (AddParameter): Name = "联系卖家，免费查找封装"; Value = "唯一出售店铺网址https://shop463601444.taobao.com"; VariantName = "[No Variations]"
Added Component: Designator=C11(C0402_L)
Add component (AddParameter): Name = "BOM名称"; Value = "无极性贴片电容"; VariantName = "[No Variations]"
Add component (AddParameter): Name = "联系卖家，免费查找封装"; Value = "唯一出售店铺网址https://shop463601444.taobao.com"; VariantName = "[No Variations]"
Added Component: Designator=C12(C0402_L)
Add component (AddParameter): Name = "BOM名称"; Value = "无极性贴片电容"; VariantName = "[No Variations]"
Add component (AddParameter): Name = "联系卖家，免费查找封装"; Value = "唯一出售店铺网址https://shop463601444.taobao.com"; VariantName = "[No Variations]"
Added Component: Designator=C13(C0402_L)
Add component (AddParameter): Name = "BOM名称"; Value = "无极性贴片电容"; VariantName = "[No Variations]"
Add component (AddParameter): Name = "联系卖家，免费查找封装"; Value = "唯一出售店铺网址https://shop463601444.taobao.com"; VariantName = "[No Variations]"
Added Component: Designator=C14(C0402_L)
Add component (AddParameter): Name = "BOM名称"; Value = "无极性贴片电容"; VariantName = "[No Variations]"
Add component (AddParameter): Name = "联系卖家，免费查找封装"; Value = "唯一出售店铺网址https://shop463601444.taobao.com"; VariantName = "[No Variations]"
Added Component: Designator=C15(C0402_L)
Add component (AddParameter): Name = "BOM名称"; Value = "无极性贴片电容"; VariantName = "[No Variations]"
Add component (AddParameter): Name = "联系卖家，免费查找封装"; Value = "唯一出售店铺网址https://shop463601444.taobao.com"; VariantName = "[No Variations]"
Added Component: Designator=C16(C0402_L)
Add component (AddParameter): Name = "BOM名称"; Value = "无极性贴片电容"; VariantName = "[No Variations]"
Add component (AddParameter): Name = "联系卖家，免费查找封装"; Value = "唯一出售店铺网址https://shop463601444.taobao.com"; VariantName = "[No Variations]"
Added Component: Designator=C17(C0402_L)
Add component (AddParameter): Name = "BOM名称"; Value = "无极性贴片电容"; VariantName = "[No Variations]"
Add component (AddParameter): Name = "联系卖家，免费查找封装"; Value = "唯一出售店铺网址https://shop463601444.taobao.com"; VariantName = "[No Variations]"
Added Component: Designator=C18(C0402_L)
Add component (AddParameter): Name = "BOM名称"; Value = "无极性贴片电容"; VariantName = "[No Variations]"
Add component (AddParameter): Name = "联系卖家，免费查找封装"; Value = "唯一出售店铺网址https://shop463601444.taobao.com"; VariantName = "[No Variations]"
Added Component: Designator=C19(C0402_L)
Add component (AddParameter): Name = "BOM名称"; Value = "无极性贴片电容"; VariantName = "[No Variations]"
Add component (AddParameter): Name = "联系卖家，免费查找封装"; Value = "唯一出售店铺网址https://shop463601444.taobao.com"; VariantName = "[No Variations]"
Added Component: Designator=C20(C0402_L)
Add component (AddParameter): Name = "BOM名称"; Value = "无极性贴片电容"; VariantName = "[No Variations]"
Add component (AddParameter): Name = "联系卖家，免费查找封装"; Value = "唯一出售店铺网址https://shop463601444.taobao.com"; VariantName = "[No Variations]"
Added Component: Designator=C21(C0402_L)
Add component (AddParameter): Name = "BOM名称"; Value = "无极性贴片电容"; VariantName = "[No Variations]"
Add component (AddParameter): Name = "联系卖家，免费查找封装"; Value = "唯一出售店铺网址https://shop463601444.taobao.com"; VariantName = "[No Variations]"
Added Component: Designator=C22(C0402_L)
Add component (AddParameter): Name = "BOM名称"; Value = "无极性贴片电容"; VariantName = "[No Variations]"
Add component (AddParameter): Name = "联系卖家，免费查找封装"; Value = "唯一出售店铺网址https://shop463601444.taobao.com"; VariantName = "[No Variations]"
Added Component: Designator=C23(C0402_L)
Add component (AddParameter): Name = "BOM名称"; Value = "无极性贴片电容"; VariantName = "[No Variations]"
Add component (AddParameter): Name = "联系卖家，免费查找封装"; Value = "唯一出售店铺网址https://shop463601444.taobao.com"; VariantName = "[No Variations]"
Added Component: Designator=C24(C0402_L)
Add component (AddParameter): Name = "BOM名称"; Value = "无极性贴片电容"; VariantName = "[No Variations]"
Add component (AddParameter): Name = "联系卖家，免费查找封装"; Value = "唯一出售店铺网址https://shop463601444.taobao.com"; VariantName = "[No Variations]"
Added Component: Designator=C25(C0402_L)
Add component (AddParameter): Name = "BOM名称"; Value = "无极性贴片电容"; VariantName = "[No Variations]"
Add component (AddParameter): Name = "联系卖家，免费查找封装"; Value = "唯一出售店铺网址https://shop463601444.taobao.com"; VariantName = "[No Variations]"
Added Component: Designator=C26(C0402_L)
Add component (AddParameter): Name = "BOM名称"; Value = "无极性贴片电容"; VariantName = "[No Variations]"
Add component (AddParameter): Name = "联系卖家，免费查找封装"; Value = "唯一出售店铺网址https://shop463601444.taobao.com"; VariantName = "[No Variations]"
Added Component: Designator=C27(C0402_L)
Add component (AddParameter): Name = "BOM名称"; Value = "无极性贴片电容"; VariantName = "[No Variations]"
Add component (AddParameter): Name = "联系卖家，免费查找封装"; Value = "唯一出售店铺网址https://shop463601444.taobao.com"; VariantName = "[No Variations]"
Added Component: Designator=C28(C0402_L)
Add component (AddParameter): Name = "BOM名称"; Value = "无极性贴片电容"; VariantName = "[No Variations]"
Add component (AddParameter): Name = "联系卖家，免费查找封装"; Value = "唯一出售店铺网址https://shop463601444.taobao.com"; VariantName = "[No Variations]"
Added Component: Designator=C29(C0402_L)
Add component (AddParameter): Name = "BOM名称"; Value = "无极性贴片电容"; VariantName = "[No Variations]"
Add component (AddParameter): Name = "联系卖家，免费查找封装"; Value = "唯一出售店铺网址https://shop463601444.taobao.com"; VariantName = "[No Variations]"
Added Component: Designator=C30(C0402_L)
Add component (AddParameter): Name = "BOM名称"; Value = "无极性贴片电容"; VariantName = "[No Variations]"
Add component (AddParameter): Name = "联系卖家，免费查找封装"; Value = "唯一出售店铺网址https://shop463601444.taobao.com"; VariantName = "[No Variations]"
Added Component: Designator=C31(C0402_L)
Add component (AddParameter): Name = "BOM名称"; Value = "无极性贴片电容"; VariantName = "[No Variations]"
Add component (AddParameter): Name = "联系卖家，免费查找封装"; Value = "唯一出售店铺网址https://shop463601444.taobao.com"; VariantName = "[No Variations]"
Added Component: Designator=C32(C0402_L)
Add component (AddParameter): Name = "BOM名称"; Value = "无极性贴片电容"; VariantName = "[No Variations]"
Add component (AddParameter): Name = "联系卖家，免费查找封装"; Value = "唯一出售店铺网址https://shop463601444.taobao.com"; VariantName = "[No Variations]"
Added Component: Designator=C33(C0402_L)
Add component (AddParameter): Name = "BOM名称"; Value = "无极性贴片电容"; VariantName = "[No Variations]"
Add component (AddParameter): Name = "联系卖家，免费查找封装"; Value = "唯一出售店铺网址https://shop463601444.taobao.com"; VariantName = "[No Variations]"
Added Component: Designator=C34(C0402_L)
Add component (AddParameter): Name = "BOM名称"; Value = "无极性贴片电容"; VariantName = "[No Variations]"
Add component (AddParameter): Name = "联系卖家，免费查找封装"; Value = "唯一出售店铺网址https://shop463601444.taobao.com"; VariantName = "[No Variations]"
Added Component: Designator=C35(C0402_L)
Add component (AddParameter): Name = "BOM名称"; Value = "无极性贴片电容"; VariantName = "[No Variations]"
Add component (AddParameter): Name = "联系卖家，免费查找封装"; Value = "唯一出售店铺网址https://shop463601444.taobao.com"; VariantName = "[No Variations]"
Added Component: Designator=D1(SOT23-3L)
Added Component: Designator=D2(SOD-123F)
Add component (AddParameter): Name = "BOM名称"; Value = "肖特基二极管"; VariantName = "[No Variations]"
Add component (AddParameter): Name = "联系卖家，免费查找封装"; Value = "唯一出售店铺网址https://shop463601444.taobao.com"; VariantName = "[No Variations]"
Added Component: Designator=D3(SOD-123F)
Add component (AddParameter): Name = "BOM名称"; Value = "肖特基二极管"; VariantName = "[No Variations]"
Add component (AddParameter): Name = "联系卖家，免费查找封装"; Value = "唯一出售店铺网址https://shop463601444.taobao.com"; VariantName = "[No Variations]"
Added Component: Designator=J1(A1254WR-S-2P)
Added Component: Designator=JP1(FPC0.5-WT-24P)
Added Component: Designator=JP2(FPC0.5-WT-14P)
Add component (AddParameter): Name = "BOM名称"; Value = "14P接插件"; VariantName = "[No Variations]"
Add component (AddParameter): Name = "封装库来自淘宝卖家 ID：黄晶宝石"; Value = "其他店铺购入均为盗版假冒封装库"; VariantName = "[No Variations]"
Add component (AddParameter): Name = "联系卖家，免费查找封装"; Value = "唯一出售店铺网址https://shop463601444.taobao.com"; VariantName = "[No Variations]"
Added Component: Designator=JP?(HDR1.27-LI-5P)
Add component (AddParameter): Name = "封装库来自淘宝卖家 ID：黄晶宝石"; Value = "https://shop463601444.taobao.com"; VariantName = "[No Variations]"
Added Component: Designator=L1(NR2520)
Add component (AddParameter): Name = "BOM名称"; Value = "NR磁胶电感"; VariantName = "[No Variations]"
Add component (AddParameter): Name = "联系卖家，免费查找封装"; Value = "唯一出售店铺网址https://shop463601444.taobao.com"; VariantName = "[No Variations]"
Added Component: Designator=LED1(LED0402)
Add component (AddParameter): Name = "BOM名称"; Value = "贴片LED"; VariantName = "[No Variations]"
Add component (AddParameter): Name = "联系卖家 免费查找封装"; Value = "封装库来自淘宝卖家ID：黄晶宝石"; VariantName = "[No Variations]"
Added Component: Designator=Q1(SOT23-3L)
Add component (AddParameter): Name = "BOM名称"; Value = "场效应管"; VariantName = "[No Variations]"
Add component (AddParameter): Name = "参数"; Value = "P沟道 30V/4.2A"; VariantName = "[No Variations]"
Add component (AddParameter): Name = "联系卖家，免费查找封装"; Value = "唯一出售店铺网址https://shop463601444.taobao.com"; VariantName = "[No Variations]"
Added Component: Designator=Q2(SOT23-3L)
Add component (AddParameter): Name = "BOM名称"; Value = "场效应管"; VariantName = "[No Variations]"
Add component (AddParameter): Name = "参数"; Value = "P沟道 30V/4.2A"; VariantName = "[No Variations]"
Add component (AddParameter): Name = "联系卖家，免费查找封装"; Value = "唯一出售店铺网址https://shop463601444.taobao.com"; VariantName = "[No Variations]"
Added Component: Designator=Q3(SOT23-3L)
Add component (AddParameter): Name = "BOM名称"; Value = "场效应管"; VariantName = "[No Variations]"
Add component (AddParameter): Name = "参数"; Value = "N沟道 30V/4.2A"; VariantName = "[No Variations]"
Add component (AddParameter): Name = "联系卖家，免费查找封装"; Value = "唯一出售店铺网址https://shop463601444.taobao.com"; VariantName = "[No Variations]"
Added Component: Designator=Q4(SOT23-3L)
Add component (AddParameter): Name = "BOM名称"; Value = "场效应管"; VariantName = "[No Variations]"
Add component (AddParameter): Name = "参数"; Value = "P沟道 30V/4.2A"; VariantName = "[No Variations]"
Add component (AddParameter): Name = "联系卖家，免费查找封装"; Value = "唯一出售店铺网址https://shop463601444.taobao.com"; VariantName = "[No Variations]"
Added Component: Designator=Q5(SOT23-3L)
Add component (AddParameter): Name = "BOM名称"; Value = "场效应管"; VariantName = "[No Variations]"
Add component (AddParameter): Name = "参数"; Value = "N沟道 30V/4.2A"; VariantName = "[No Variations]"
Add component (AddParameter): Name = "联系卖家，免费查找封装"; Value = "唯一出售店铺网址https://shop463601444.taobao.com"; VariantName = "[No Variations]"
Added Component: Designator=Q6(SOT23-3L)
Add component (AddParameter): Name = "BOM名称"; Value = "场效应管"; VariantName = "[No Variations]"
Add component (AddParameter): Name = "参数"; Value = "P沟道 30V/4.2A"; VariantName = "[No Variations]"
Add component (AddParameter): Name = "联系卖家，免费查找封装"; Value = "唯一出售店铺网址https://shop463601444.taobao.com"; VariantName = "[No Variations]"
Added Component: Designator=Q7(SOT23-3L)
Add component (AddParameter): Name = "BOM名称"; Value = "场效应管"; VariantName = "[No Variations]"
Add component (AddParameter): Name = "参数"; Value = "P沟道 30V/4.2A"; VariantName = "[No Variations]"
Add component (AddParameter): Name = "联系卖家，免费查找封装"; Value = "唯一出售店铺网址https://shop463601444.taobao.com"; VariantName = "[No Variations]"
Added Component: Designator=R1(R0402_L)
Add component (AddParameter): Name = "BOM名称"; Value = "贴片电阻"; VariantName = "[No Variations]"
Add component (AddParameter): Name = "联系卖家，免费查找封装"; Value = "唯一出售店铺网址https://shop463601444.taobao.com"; VariantName = "[No Variations]"
Added Component: Designator=R2(R0402_L)
Add component (AddParameter): Name = "BOM名称"; Value = "贴片电阻"; VariantName = "[No Variations]"
Add component (AddParameter): Name = "联系卖家，免费查找封装"; Value = "唯一出售店铺网址https://shop463601444.taobao.com"; VariantName = "[No Variations]"
Added Component: Designator=R3(R0402_L)
Add component (AddParameter): Name = "BOM名称"; Value = "贴片电阻"; VariantName = "[No Variations]"
Add component (AddParameter): Name = "联系卖家，免费查找封装"; Value = "唯一出售店铺网址https://shop463601444.taobao.com"; VariantName = "[No Variations]"
Added Component: Designator=R4(R0402_L)
Add component (AddParameter): Name = "BOM名称"; Value = "贴片电阻"; VariantName = "[No Variations]"
Add component (AddParameter): Name = "联系卖家，免费查找封装"; Value = "唯一出售店铺网址https://shop463601444.taobao.com"; VariantName = "[No Variations]"
Added Component: Designator=R5(R0402_L)
Add component (AddParameter): Name = "BOM名称"; Value = "贴片电阻"; VariantName = "[No Variations]"
Add component (AddParameter): Name = "联系卖家，免费查找封装"; Value = "唯一出售店铺网址https://shop463601444.taobao.com"; VariantName = "[No Variations]"
Added Component: Designator=R6(R0402_L)
Add component (AddParameter): Name = "BOM名称"; Value = "贴片电阻"; VariantName = "[No Variations]"
Add component (AddParameter): Name = "联系卖家，免费查找封装"; Value = "唯一出售店铺网址https://shop463601444.taobao.com"; VariantName = "[No Variations]"
Added Component: Designator=R7(R0402_L)
Add component (AddParameter): Name = "BOM名称"; Value = "贴片电阻"; VariantName = "[No Variations]"
Add component (AddParameter): Name = "联系卖家，免费查找封装"; Value = "唯一出售店铺网址https://shop463601444.taobao.com"; VariantName = "[No Variations]"
Added Component: Designator=R8(R0402_L)
Add component (AddParameter): Name = "BOM名称"; Value = "贴片电阻"; VariantName = "[No Variations]"
Add component (AddParameter): Name = "联系卖家，免费查找封装"; Value = "唯一出售店铺网址https://shop463601444.taobao.com"; VariantName = "[No Variations]"
Added Component: Designator=R9(R0402_L)
Add component (AddParameter): Name = "BOM名称"; Value = "贴片电阻"; VariantName = "[No Variations]"
Add component (AddParameter): Name = "联系卖家，免费查找封装"; Value = "唯一出售店铺网址https://shop463601444.taobao.com"; VariantName = "[No Variations]"
Added Component: Designator=R10(R0402_L)
Add component (AddParameter): Name = "BOM名称"; Value = "贴片电阻"; VariantName = "[No Variations]"
Add component (AddParameter): Name = "联系卖家，免费查找封装"; Value = "唯一出售店铺网址https://shop463601444.taobao.com"; VariantName = "[No Variations]"
Added Component: Designator=R11(R0402_L)
Add component (AddParameter): Name = "BOM名称"; Value = "贴片电阻"; VariantName = "[No Variations]"
Add component (AddParameter): Name = "联系卖家，免费查找封装"; Value = "唯一出售店铺网址https://shop463601444.taobao.com"; VariantName = "[No Variations]"
Added Component: Designator=R12(R0402_L)
Add component (AddParameter): Name = "BOM名称"; Value = "贴片电阻"; VariantName = "[No Variations]"
Add component (AddParameter): Name = "联系卖家，免费查找封装"; Value = "唯一出售店铺网址https://shop463601444.taobao.com"; VariantName = "[No Variations]"
Added Component: Designator=R13(R0402_L)
Add component (AddParameter): Name = "BOM名称"; Value = "贴片电阻"; VariantName = "[No Variations]"
Add component (AddParameter): Name = "联系卖家，免费查找封装"; Value = "唯一出售店铺网址https://shop463601444.taobao.com"; VariantName = "[No Variations]"
Added Component: Designator=R14(R0402_L)
Add component (AddParameter): Name = "BOM名称"; Value = "贴片电阻"; VariantName = "[No Variations]"
Add component (AddParameter): Name = "联系卖家，免费查找封装"; Value = "唯一出售店铺网址https://shop463601444.taobao.com"; VariantName = "[No Variations]"
Added Component: Designator=R15(R0402_L)
Add component (AddParameter): Name = "BOM名称"; Value = "贴片电阻"; VariantName = "[No Variations]"
Add component (AddParameter): Name = "联系卖家，免费查找封装"; Value = "唯一出售店铺网址https://shop463601444.taobao.com"; VariantName = "[No Variations]"
Added Component: Designator=R16(R0402_L)
Add component (AddParameter): Name = "BOM名称"; Value = "贴片电阻"; VariantName = "[No Variations]"
Add component (AddParameter): Name = "联系卖家，免费查找封装"; Value = "唯一出售店铺网址https://shop463601444.taobao.com"; VariantName = "[No Variations]"
Added Component: Designator=R17(R0402_L)
Add component (AddParameter): Name = "BOM名称"; Value = "贴片电阻"; VariantName = "[No Variations]"
Add component (AddParameter): Name = "联系卖家，免费查找封装"; Value = "唯一出售店铺网址https://shop463601444.taobao.com"; VariantName = "[No Variations]"
Added Component: Designator=R18(R0402_L)
Add component (AddParameter): Name = "BOM名称"; Value = "贴片电阻"; VariantName = "[No Variations]"
Add component (AddParameter): Name = "联系卖家，免费查找封装"; Value = "唯一出售店铺网址https://shop463601444.taobao.com"; VariantName = "[No Variations]"
Added Component: Designator=R19(R0402_L)
Add component (AddParameter): Name = "BOM名称"; Value = "贴片电阻"; VariantName = "[No Variations]"
Add component (AddParameter): Name = "联系卖家，免费查找封装"; Value = "唯一出售店铺网址https://shop463601444.taobao.com"; VariantName = "[No Variations]"
Added Component: Designator=R20(R0402_L)
Add component (AddParameter): Name = "BOM名称"; Value = "贴片电阻"; VariantName = "[No Variations]"
Add component (AddParameter): Name = "联系卖家，免费查找封装"; Value = "唯一出售店铺网址https://shop463601444.taobao.com"; VariantName = "[No Variations]"
Added Component: Designator=R21(R0402_L)
Add component (AddParameter): Name = "BOM名称"; Value = "贴片电阻"; VariantName = "[No Variations]"
Add component (AddParameter): Name = "联系卖家，免费查找封装"; Value = "唯一出售店铺网址https://shop463601444.taobao.com"; VariantName = "[No Variations]"
Added Component: Designator=R22(R0402_L)
Add component (AddParameter): Name = "BOM名称"; Value = "贴片电阻"; VariantName = "[No Variations]"
Add component (AddParameter): Name = "联系卖家，免费查找封装"; Value = "唯一出售店铺网址https://shop463601444.taobao.com"; VariantName = "[No Variations]"
Added Component: Designator=R23(R0805_L)
Add component (AddParameter): Name = "BOM名称"; Value = "贴片电阻"; VariantName = "[No Variations]"
Add component (AddParameter): Name = "联系卖家，免费查找封装"; Value = "唯一出售店铺网址https://shop463601444.taobao.com"; VariantName = "[No Variations]"
Added Component: Designator=R24(R0402_L)
Add component (AddParameter): Name = "BOM名称"; Value = "贴片电阻"; VariantName = "[No Variations]"
Add component (AddParameter): Name = "联系卖家，免费查找封装"; Value = "唯一出售店铺网址https://shop463601444.taobao.com"; VariantName = "[No Variations]"
Added Component: Designator=R25(R0402_L)
Add component (AddParameter): Name = "BOM名称"; Value = "贴片电阻"; VariantName = "[No Variations]"
Add component (AddParameter): Name = "联系卖家，免费查找封装"; Value = "唯一出售店铺网址https://shop463601444.taobao.com"; VariantName = "[No Variations]"
Added Component: Designator=R26(R0402_L)
Add component (AddParameter): Name = "BOM名称"; Value = "贴片电阻"; VariantName = "[No Variations]"
Add component (AddParameter): Name = "联系卖家，免费查找封装"; Value = "唯一出售店铺网址https://shop463601444.taobao.com"; VariantName = "[No Variations]"
Added Component: Designator=R27(R0402_L)
Add component (AddParameter): Name = "BOM名称"; Value = "贴片电阻"; VariantName = "[No Variations]"
Add component (AddParameter): Name = "联系卖家，免费查找封装"; Value = "唯一出售店铺网址https://shop463601444.taobao.com"; VariantName = "[No Variations]"
Added Component: Designator=R28(R0402_L)
Add component (AddParameter): Name = "BOM名称"; Value = "贴片电阻"; VariantName = "[No Variations]"
Add component (AddParameter): Name = "联系卖家，免费查找封装"; Value = "唯一出售店铺网址https://shop463601444.taobao.com"; VariantName = "[No Variations]"
Added Component: Designator=R29(R0402_L)
Add component (AddParameter): Name = "BOM名称"; Value = "贴片电阻"; VariantName = "[No Variations]"
Add component (AddParameter): Name = "联系卖家，免费查找封装"; Value = "唯一出售店铺网址https://shop463601444.taobao.com"; VariantName = "[No Variations]"
Added Component: Designator=R30(R0402_L)
Add component (AddParameter): Name = "BOM名称"; Value = "贴片电阻"; VariantName = "[No Variations]"
Add component (AddParameter): Name = "联系卖家，免费查找封装"; Value = "唯一出售店铺网址https://shop463601444.taobao.com"; VariantName = "[No Variations]"
Added Component: Designator=R31(R0402_L)
Add component (AddParameter): Name = "BOM名称"; Value = "贴片电阻"; VariantName = "[No Variations]"
Add component (AddParameter): Name = "联系卖家，免费查找封装"; Value = "唯一出售店铺网址https://shop463601444.taobao.com"; VariantName = "[No Variations]"
Added Component: Designator=R32(R0402_L)
Add component (AddParameter): Name = "BOM名称"; Value = "贴片电阻"; VariantName = "[No Variations]"
Add component (AddParameter): Name = "联系卖家，免费查找封装"; Value = "唯一出售店铺网址https://shop463601444.taobao.com"; VariantName = "[No Variations]"
Added Component: Designator=R33(R0402_L)
Add component (AddParameter): Name = "BOM名称"; Value = "贴片电阻"; VariantName = "[No Variations]"
Add component (AddParameter): Name = "联系卖家，免费查找封装"; Value = "唯一出售店铺网址https://shop463601444.taobao.com"; VariantName = "[No Variations]"
Added Component: Designator=R34(R0402_L)
Add component (AddParameter): Name = "BOM名称"; Value = "贴片电阻"; VariantName = "[No Variations]"
Add component (AddParameter): Name = "联系卖家，免费查找封装"; Value = "唯一出售店铺网址https://shop463601444.taobao.com"; VariantName = "[No Variations]"
Added Component: Designator=R35(R0402_L)
Add component (AddParameter): Name = "BOM名称"; Value = "贴片电阻"; VariantName = "[No Variations]"
Add component (AddParameter): Name = "联系卖家，免费查找封装"; Value = "唯一出售店铺网址https://shop463601444.taobao.com"; VariantName = "[No Variations]"
Added Component: Designator=R36(R0402_L)
Add component (AddParameter): Name = "BOM名称"; Value = "贴片电阻"; VariantName = "[No Variations]"
Add component (AddParameter): Name = "联系卖家，免费查找封装"; Value = "唯一出售店铺网址https://shop463601444.taobao.com"; VariantName = "[No Variations]"
Added Component: Designator=R37(R0402_L)
Add component (AddParameter): Name = "BOM名称"; Value = "贴片电阻"; VariantName = "[No Variations]"
Add component (AddParameter): Name = "联系卖家，免费查找封装"; Value = "唯一出售店铺网址https://shop463601444.taobao.com"; VariantName = "[No Variations]"
Added Component: Designator=R38(R0402_L)
Add component (AddParameter): Name = "BOM名称"; Value = "贴片电阻"; VariantName = "[No Variations]"
Add component (AddParameter): Name = "联系卖家，免费查找封装"; Value = "唯一出售店铺网址https://shop463601444.taobao.com"; VariantName = "[No Variations]"
Added Component: Designator=R39(R0402_L)
Add component (AddParameter): Name = "BOM名称"; Value = "贴片电阻"; VariantName = "[No Variations]"
Add component (AddParameter): Name = "联系卖家，免费查找封装"; Value = "唯一出售店铺网址https://shop463601444.taobao.com"; VariantName = "[No Variations]"
Added Component: Designator=R40(R0402_L)
Add component (AddParameter): Name = "BOM名称"; Value = "贴片电阻"; VariantName = "[No Variations]"
Add component (AddParameter): Name = "联系卖家，免费查找封装"; Value = "唯一出售店铺网址https://shop463601444.taobao.com"; VariantName = "[No Variations]"
Added Component: Designator=R41(R0402_L)
Add component (AddParameter): Name = "BOM名称"; Value = "贴片电阻"; VariantName = "[No Variations]"
Add component (AddParameter): Name = "联系卖家，免费查找封装"; Value = "唯一出售店铺网址https://shop463601444.taobao.com"; VariantName = "[No Variations]"
Added Component: Designator=R42(R0402_L)
Add component (AddParameter): Name = "BOM名称"; Value = "贴片电阻"; VariantName = "[No Variations]"
Add component (AddParameter): Name = "联系卖家，免费查找封装"; Value = "唯一出售店铺网址https://shop463601444.taobao.com"; VariantName = "[No Variations]"
Added Component: Designator=R43(R0402_L)
Add component (AddParameter): Name = "BOM名称"; Value = "贴片电阻"; VariantName = "[No Variations]"
Add component (AddParameter): Name = "联系卖家，免费查找封装"; Value = "唯一出售店铺网址https://shop463601444.taobao.com"; VariantName = "[No Variations]"
Added Component: Designator=R44(R0402_L)
Add component (AddParameter): Name = "BOM名称"; Value = "贴片电阻"; VariantName = "[No Variations]"
Add component (AddParameter): Name = "联系卖家，免费查找封装"; Value = "唯一出售店铺网址https://shop463601444.taobao.com"; VariantName = "[No Variations]"
Added Component: Designator=R45(R0402_L)
Add component (AddParameter): Name = "BOM名称"; Value = "贴片电阻"; VariantName = "[No Variations]"
Add component (AddParameter): Name = "联系卖家，免费查找封装"; Value = "唯一出售店铺网址https://shop463601444.taobao.com"; VariantName = "[No Variations]"
Added Component: Designator=R46(R0402_L)
Add component (AddParameter): Name = "BOM名称"; Value = "贴片电阻"; VariantName = "[No Variations]"
Add component (AddParameter): Name = "联系卖家，免费查找封装"; Value = "唯一出售店铺网址https://shop463601444.taobao.com"; VariantName = "[No Variations]"
Added Component: Designator=R47(R0402_L)
Add component (AddParameter): Name = "BOM名称"; Value = "贴片电阻"; VariantName = "[No Variations]"
Add component (AddParameter): Name = "联系卖家，免费查找封装"; Value = "唯一出售店铺网址https://shop463601444.taobao.com"; VariantName = "[No Variations]"
Added Component: Designator=SW1(3*4两脚小龟按键)
Add component (AddParameter): Name = "BOM名称"; Value = "3x6轻触开关"; VariantName = "[No Variations]"
Add component (AddParameter): Name = "封装库来自淘宝卖家ID：黄晶宝石"; Value = "其他店铺购入均为盗版假冒封装库，请立即申请退款"; VariantName = "[No Variations]"
Add component (AddParameter): Name = "联系卖家，免费查找封装"; Value = "唯一出售店铺网址https://shop463601444.taobao.com"; VariantName = "[No Variations]"
Added Component: Designator=SW2(2*4*3.5)
Add component (AddParameter): Name = "BOM名称"; Value = "3x6轻触开关"; VariantName = "[No Variations]"
Add component (AddParameter): Name = "封装库来自淘宝卖家ID：黄晶宝石"; Value = "其他店铺购入均为盗版假冒封装库，请立即申请退款"; VariantName = "[No Variations]"
Add component (AddParameter): Name = "联系卖家，免费查找封装"; Value = "唯一出售店铺网址https://shop463601444.taobao.com"; VariantName = "[No Variations]"
Added Component: Designator=SW3(2*4*3.5)
Add component (AddParameter): Name = "BOM名称"; Value = "3x6轻触开关"; VariantName = "[No Variations]"
Add component (AddParameter): Name = "封装库来自淘宝卖家ID：黄晶宝石"; Value = "其他店铺购入均为盗版假冒封装库，请立即申请退款"; VariantName = "[No Variations]"
Add component (AddParameter): Name = "联系卖家，免费查找封装"; Value = "唯一出售店铺网址https://shop463601444.taobao.com"; VariantName = "[No Variations]"
Added Component: Designator=SW4(2*4*3.5)
Add component (AddParameter): Name = "BOM名称"; Value = "3x6轻触开关"; VariantName = "[No Variations]"
Add component (AddParameter): Name = "封装库来自淘宝卖家ID：黄晶宝石"; Value = "其他店铺购入均为盗版假冒封装库，请立即申请退款"; VariantName = "[No Variations]"
Add component (AddParameter): Name = "联系卖家，免费查找封装"; Value = "唯一出售店铺网址https://shop463601444.taobao.com"; VariantName = "[No Variations]"
Added Component: Designator=SW5(3*4两脚小龟按键)
Add component (AddParameter): Name = "BOM名称"; Value = "3x6轻触开关"; VariantName = "[No Variations]"
Add component (AddParameter): Name = "封装库来自淘宝卖家ID：黄晶宝石"; Value = "其他店铺购入均为盗版假冒封装库，请立即申请退款"; VariantName = "[No Variations]"
Add component (AddParameter): Name = "联系卖家，免费查找封装"; Value = "唯一出售店铺网址https://shop463601444.taobao.com"; VariantName = "[No Variations]"
Added Component: Designator=SW6(2*4*3.5)
Add component (AddParameter): Name = "BOM名称"; Value = "3x6轻触开关"; VariantName = "[No Variations]"
Add component (AddParameter): Name = "封装库来自淘宝卖家ID：黄晶宝石"; Value = "其他店铺购入均为盗版假冒封装库，请立即申请退款"; VariantName = "[No Variations]"
Add component (AddParameter): Name = "联系卖家，免费查找封装"; Value = "唯一出售店铺网址https://shop463601444.taobao.com"; VariantName = "[No Variations]"
Added Component: Designator=TP1(TEST 1)
Add component (AddParameter): Name = "BOM名称"; Value = "测试点"; VariantName = "[No Variations]"
Add component (AddParameter): Name = "封装库来自淘宝卖家ID：黄晶宝石"; Value = "其他店铺购入均为盗版假冒封装库，请立即申请退款"; VariantName = "[No Variations]"
Add component (AddParameter): Name = "联系卖家，免费查找封装"; Value = "唯一出售店铺网址https://shop463601444.taobao.com"; VariantName = "[No Variations]"
Added Component: Designator=TP2(TEST 1)
Add component (AddParameter): Name = "BOM名称"; Value = "测试点"; VariantName = "[No Variations]"
Add component (AddParameter): Name = "封装库来自淘宝卖家ID：黄晶宝石"; Value = "其他店铺购入均为盗版假冒封装库，请立即申请退款"; VariantName = "[No Variations]"
Add component (AddParameter): Name = "联系卖家，免费查找封装"; Value = "唯一出售店铺网址https://shop463601444.taobao.com"; VariantName = "[No Variations]"
Added Component: Designator=U1(SOT23-5L)
Added Component: Designator=U2(QFN10(3mmX3mm))
Added Component: Designator=U3(SOIC-8L)
Added Component: Designator=U4(WSON 6x5mm)
Added Component: Designator=U5(LQFP100_L)
Add component (AddParameter): Name = "16-bit Timers (IC/OC/PWM)"; Value = "12x16-bit(24/24/30)"; VariantName = "[No Variations]"
Add component (AddParameter): Name = "32-bit Timer (IC/OC/PWM)"; Value = "2x32-bit (8/8/8)"; VariantName = "[No Variations]"
Add component (AddParameter): Name = "A/D Converter"; Value = "16x12-bit"; VariantName = "[No Variations]"
Add component (AddParameter): Name = "ComponentLink1Description"; Value = "Manufacturer URL"; VariantName = "[No Variations]"
Add component (AddParameter): Name = "ComponentLink1URL"; Value = "http://www.st.com/"; VariantName = "[No Variations]"
Add component (AddParameter): Name = "ComponentLink2Description"; Value = "STM32F405/7 Datasheet"; VariantName = "[No Variations]"
Add component (AddParameter): Name = "ComponentLink2URL"; Value = "http://www.st.com/internet/com/TECHNICAL_RESOURCES/TECHNICAL_LITERATURE/DATASHEET/DM00037051.pdf"; VariantName = "[No Variations]"
Add component (AddParameter): Name = "ComponentLink3Description"; Value = "STM32F4 Web Page"; VariantName = "[No Variations]"
Add component (AddParameter): Name = "ComponentLink3URL"; Value = "http://www.st.com/internet/mcu/subclass/1521.jsp"; VariantName = "[No Variations]"
Add component (AddParameter): Name = "D/A Converter"; Value = "2x12-bit"; VariantName = "[No Variations]"
Add component (AddParameter): Name = "DatasheetVersion"; Value = "rev2, Jan-2012"; VariantName = "[No Variations]"
Add component (AddParameter): Name = "Internal RAM"; Value = "192kB"; VariantName = "[No Variations]"
Add component (AddParameter): Name = "Operating Frequency (Processor Speed)"; Value = "168MHz"; VariantName = "[No Variations]"
Add component (AddParameter): Name = "Other Timer Functions"; Value = "2xWDG, RTC, 24-bit down counter"; VariantName = "[No Variations]"
Add component (AddParameter): Name = "PackageDescription"; Value = "100-Pin Low Profile Quad Flat Package, 14x14 mm Body, 0.5 mm Pitch"; VariantName = "[No Variations]"
Add component (AddParameter): Name = "PackageReference"; Value = "LQFP100"; VariantName = "[No Variations]"
Add component (AddParameter): Name = "PackageVersion"; Value = "2012"; VariantName = "[No Variations]"
Add component (AddParameter): Name = "Serial Interface"; Value = "3xSPI/2xI2S/2xI2C/3xUSART(IrDa, ISO7816)/3xUART/2xUSB OTG FS/HS, 2xCAN/Ethernet MAC10/100, SDIO"; VariantName = "[No Variations]"
Add component (AddParameter): Name = "联系卖家，免费查找封装"; Value = "唯一出售店铺网址https://shop463601444.taobao.com"; VariantName = "[No Variations]"
Added Component: Designator=U6(插拔式MicroSD卡)
Added Component: Designator=U7(LGA16     3*3*0.75)
Added Component: Designator=USBC1(USB-C-SMD_16P)
Add component (AddParameter): Name = "联系卖家 免费技术支持"; Value = "封装库来自淘宝卖家ID：黄晶宝石"; VariantName = "[No Variations]"
Add component (AddParameter): Name = "联系卖家 免费查找封装"; Value = "唯一出售店铺网址https://shop463601444.taobao.com"; VariantName = "[No Variations]"
Added Component: Designator=VR1(SOD882)
Added Component: Designator=VR2(SOD-923)
Added Component: Designator=VR3(SOD-923)
Added Component: Designator=VR4(SOD-923)
Added Component: Designator=VR5(SOD-923)
Added Component: Designator=VR6(SOD-923)
Added Component: Designator=VR7(SOD-923)
Added Component: Designator=VR8(SOD-923)
Added Component: Designator=X1(XTAL-3215-2P)
Add component (AddParameter): Name = "BOM名称"; Value = "2脚无源晶振(谐振器）"; VariantName = "[No Variations]"
Add component (AddParameter): Name = "联系卖家，免费查找封装"; Value = "唯一出售店铺网址https://shop463601444.taobao.com"; VariantName = "[No Variations]"
Added Component: Designator=X2(XTAL-3225-4P)
Add component (AddParameter): Name = "BOM名称"; Value = "4脚无源晶振(谐振器）"; VariantName = "[No Variations]"
Add component (AddParameter): Name = "联系卖家，免费查找封装"; Value = "唯一出售店铺网址https://shop463601444.taobao.com"; VariantName = "[No Variations]"
Added Pin To Net: NetName=ADC1_IN1 Pin=R45-1
Added Pin To Net: NetName=ADC1_IN1 Pin=R46-2
Added Pin To Net: NetName=ADC1_IN1 Pin=U5-24
Added Net: Name=ADC1_IN1
Added Pin To Net: NetName=ADC1_IN4 Pin=U5-29
Added Net: Name=ADC1_IN4
Added Pin To Net: NetName=ADC1_IN8 Pin=U5-35
Added Net: Name=ADC1_IN8
Added Pin To Net: NetName=ADS_DONE Pin=JP2-10
Added Pin To Net: NetName=ADS_DONE Pin=U5-3
Added Net: Name=ADS_DONE
Added Pin To Net: NetName=ADS_DRDY Pin=JP2-9
Added Pin To Net: NetName=ADS_DRDY Pin=U5-2
Added Net: Name=ADS_DRDY
Added Pin To Net: NetName=ADS_RESET Pin=JP2-11
Added Pin To Net: NetName=ADS_RESET Pin=U5-4
Added Net: Name=ADS_RESET
Added Pin To Net: NetName=AGND Pin=C5-1
Added Pin To Net: NetName=AGND Pin=C8-1
Added Pin To Net: NetName=AGND Pin=C9-1
Added Pin To Net: NetName=AGND Pin=C11-1
Added Pin To Net: NetName=AGND Pin=R21-1
Added Pin To Net: NetName=AGND Pin=U3-4
Added Net: Name=AGND
Added Pin To Net: NetName=BOOT0 Pin=R27-2
Added Pin To Net: NetName=BOOT0 Pin=SW5-1
Added Pin To Net: NetName=BOOT0 Pin=U5-94
Added Net: Name=BOOT0
Added Pin To Net: NetName=BOOT1 Pin=R22-2
Added Pin To Net: NetName=BOOT1 Pin=SW1-1
Added Pin To Net: NetName=BOOT1 Pin=U5-37
Added Net: Name=BOOT1
Added Pin To Net: NetName=CC1 Pin=R2-2
Added Pin To Net: NetName=CC1 Pin=USBC1-A5
Added Net: Name=CC1
Added Pin To Net: NetName=CC2 Pin=R3-2
Added Pin To Net: NetName=CC2 Pin=USBC1-B5
Added Net: Name=CC2
Added Pin To Net: NetName=DC_Inter Pin=C33-2
Added Pin To Net: NetName=DC_Inter Pin=R42-1
Added Pin To Net: NetName=DC_Inter Pin=R44-2
Added Pin To Net: NetName=DC_Inter Pin=U5-98
Added Net: Name=DC_Inter
Added Pin To Net: NetName=DC_IN Pin=Q1-3
Added Pin To Net: NetName=DC_IN Pin=R42-2
Added Pin To Net: NetName=DC_IN Pin=TP1-1
Added Net: Name=DC_IN
Added Pin To Net: NetName=FSMC_A16 Pin=JP1-14
Added Pin To Net: NetName=FSMC_A16 Pin=U5-58
Added Net: Name=FSMC_A16
Added Pin To Net: NetName=FSMC_D0 Pin=JP1-11
Added Pin To Net: NetName=FSMC_D0 Pin=U5-61
Added Net: Name=FSMC_D0
Added Pin To Net: NetName=FSMC_D1 Pin=JP1-10
Added Pin To Net: NetName=FSMC_D1 Pin=U5-62
Added Net: Name=FSMC_D1
Added Pin To Net: NetName=FSMC_D2 Pin=JP1-9
Added Pin To Net: NetName=FSMC_D2 Pin=U5-81
Added Net: Name=FSMC_D2
Added Pin To Net: NetName=FSMC_D3 Pin=JP1-8
Added Pin To Net: NetName=FSMC_D3 Pin=U5-82
Added Net: Name=FSMC_D3
Added Pin To Net: NetName=FSMC_D4 Pin=JP1-7
Added Pin To Net: NetName=FSMC_D4 Pin=U5-38
Added Net: Name=FSMC_D4
Added Pin To Net: NetName=FSMC_D5 Pin=JP1-6
Added Pin To Net: NetName=FSMC_D5 Pin=U5-39
Added Net: Name=FSMC_D5
Added Pin To Net: NetName=FSMC_D6 Pin=JP1-5
Added Pin To Net: NetName=FSMC_D6 Pin=U5-40
Added Net: Name=FSMC_D6
Added Pin To Net: NetName=FSMC_D7 Pin=JP1-4
Added Pin To Net: NetName=FSMC_D7 Pin=U5-41
Added Net: Name=FSMC_D7
Added Pin To Net: NetName=FSMC_NE1 Pin=JP1-15
Added Pin To Net: NetName=FSMC_NE1 Pin=U5-88
Added Net: Name=FSMC_NE1
Added Pin To Net: NetName=FSMC_NOE Pin=JP1-12
Added Pin To Net: NetName=FSMC_NOE Pin=U5-85
Added Net: Name=FSMC_NOE
Added Pin To Net: NetName=FSMC_NWE Pin=JP1-13
Added Pin To Net: NetName=FSMC_NWE Pin=U5-86
Added Net: Name=FSMC_NWE
Added Pin To Net: NetName=GND Pin=C1-2
Added Pin To Net: NetName=GND Pin=C2-2
Added Pin To Net: NetName=GND Pin=C3-1
Added Pin To Net: NetName=GND Pin=C4-1
Added Pin To Net: NetName=GND Pin=C6-1
Added Pin To Net: NetName=GND Pin=C7-1
Added Pin To Net: NetName=GND Pin=C12-1
Added Pin To Net: NetName=GND Pin=C13-1
Added Pin To Net: NetName=GND Pin=C14-1
Added Pin To Net: NetName=GND Pin=C15-1
Added Pin To Net: NetName=GND Pin=C16-1
Added Pin To Net: NetName=GND Pin=C17-1
Added Pin To Net: NetName=GND Pin=C18-1
Added Pin To Net: NetName=GND Pin=C19-1
Added Pin To Net: NetName=GND Pin=C20-1
Added Pin To Net: NetName=GND Pin=C21-1
Added Pin To Net: NetName=GND Pin=C22-1
Added Pin To Net: NetName=GND Pin=C23-1
Added Pin To Net: NetName=GND Pin=C24-2
Added Pin To Net: NetName=GND Pin=C25-2
Added Pin To Net: NetName=GND Pin=C26-2
Added Pin To Net: NetName=GND Pin=C27-2
Added Pin To Net: NetName=GND Pin=C28-1
Added Pin To Net: NetName=GND Pin=C29-1
Added Pin To Net: NetName=GND Pin=C30-2
Added Pin To Net: NetName=GND Pin=C31-2
Added Pin To Net: NetName=GND Pin=C32-1
Added Pin To Net: NetName=GND Pin=C33-1
Added Pin To Net: NetName=GND Pin=C34-1
Added Pin To Net: NetName=GND Pin=C35-1
Added Pin To Net: NetName=GND Pin=J1-2
Added Pin To Net: NetName=GND Pin=J1-3
Added Pin To Net: NetName=GND Pin=J1-4
Added Pin To Net: NetName=GND Pin=JP1-1
Added Pin To Net: NetName=GND Pin=JP1-18
Added Pin To Net: NetName=GND Pin=JP1-24
Added Pin To Net: NetName=GND Pin=JP2-1
Added Pin To Net: NetName=GND Pin=JP2-4
Added Pin To Net: NetName=GND Pin=JP2-6
Added Pin To Net: NetName=GND Pin=JP2-12
Added Pin To Net: NetName=GND Pin=JP2-14
Added Pin To Net: NetName=GND Pin=JP?-5
Added Pin To Net: NetName=GND Pin=Q3-2
Added Pin To Net: NetName=GND Pin=Q5-2
Added Pin To Net: NetName=GND Pin=Q7-1
Added Pin To Net: NetName=GND Pin=R1-1
Added Pin To Net: NetName=GND Pin=R2-1
Added Pin To Net: NetName=GND Pin=R3-1
Added Pin To Net: NetName=GND Pin=R7-2
Added Pin To Net: NetName=GND Pin=R11-2
Added Pin To Net: NetName=GND Pin=R12-2
Added Pin To Net: NetName=GND Pin=R19-1
Added Pin To Net: NetName=GND Pin=R20-1
Added Pin To Net: NetName=GND Pin=R21-2
Added Pin To Net: NetName=GND Pin=R22-1
Added Pin To Net: NetName=GND Pin=R27-1
Added Pin To Net: NetName=GND Pin=R43-1
Added Pin To Net: NetName=GND Pin=R44-1
Added Pin To Net: NetName=GND Pin=R46-1
Added Pin To Net: NetName=GND Pin=SW2-1
Added Pin To Net: NetName=GND Pin=SW3-1
Added Pin To Net: NetName=GND Pin=SW4-1
Added Pin To Net: NetName=GND Pin=SW6-1
Added Pin To Net: NetName=GND Pin=TP2-1
Added Pin To Net: NetName=GND Pin=U1-2
Added Pin To Net: NetName=GND Pin=U2-3
Added Pin To Net: NetName=GND Pin=U2-9
Added Pin To Net: NetName=GND Pin=U2-11
Added Pin To Net: NetName=GND Pin=U4-4
Added Pin To Net: NetName=GND Pin=U5-10
Added Pin To Net: NetName=GND Pin=U5-20
Added Pin To Net: NetName=GND Pin=U5-27
Added Pin To Net: NetName=GND Pin=U5-74
Added Pin To Net: NetName=GND Pin=U5-99
Added Pin To Net: NetName=GND Pin=U6-6
Added Pin To Net: NetName=GND Pin=U6-9
Added Pin To Net: NetName=GND Pin=U6-10
Added Pin To Net: NetName=GND Pin=U6-11
Added Pin To Net: NetName=GND Pin=U6-13
Added Pin To Net: NetName=GND Pin=U6-14
Added Pin To Net: NetName=GND Pin=U7-8
Added Pin To Net: NetName=GND Pin=U7-9
Added Pin To Net: NetName=GND Pin=U7-10
Added Pin To Net: NetName=GND Pin=U7-11
Added Pin To Net: NetName=GND Pin=U7-12
Added Pin To Net: NetName=GND Pin=U7-13
Added Pin To Net: NetName=GND Pin=U7-15
Added Pin To Net: NetName=GND Pin=USBC1-0
Added Pin To Net: NetName=GND Pin=USBC1-0
Added Pin To Net: NetName=GND Pin=USBC1-0
Added Pin To Net: NetName=GND Pin=USBC1-0
Added Pin To Net: NetName=GND Pin=USBC1-A1
Added Pin To Net: NetName=GND Pin=USBC1-A12
Added Pin To Net: NetName=GND Pin=USBC1-B1
Added Pin To Net: NetName=GND Pin=USBC1-B12
Added Pin To Net: NetName=GND Pin=VR1-2
Added Pin To Net: NetName=GND Pin=VR2-2
Added Pin To Net: NetName=GND Pin=VR3-2
Added Pin To Net: NetName=GND Pin=VR4-2
Added Pin To Net: NetName=GND Pin=VR5-2
Added Pin To Net: NetName=GND Pin=VR6-2
Added Pin To Net: NetName=GND Pin=VR7-2
Added Pin To Net: NetName=GND Pin=VR8-2
Added Pin To Net: NetName=GND Pin=X2-2
Added Pin To Net: NetName=GND Pin=X2-4
Added Net: Name=GND
Added Pin To Net: NetName=I2C1_SCL Pin=JP1-20
Added Pin To Net: NetName=I2C1_SCL Pin=U5-92
Added Net: Name=I2C1_SCL
Added Pin To Net: NetName=I2C1_SDA Pin=JP1-21
Added Pin To Net: NetName=I2C1_SDA Pin=U5-93
Added Net: Name=I2C1_SDA
Added Pin To Net: NetName=I2C2_SCL Pin=U5-47
Added Net: Name=I2C2_SCL
Added Pin To Net: NetName=I2C2_SDA Pin=U5-48
Added Net: Name=I2C2_SDA
Added Pin To Net: NetName=I2S3_CK Pin=U5-89
Added Net: Name=I2S3_CK
Added Pin To Net: NetName=I2S3_ext_SD Pin=U5-90
Added Net: Name=I2S3_ext_SD
Added Pin To Net: NetName=I2S3_SD Pin=U5-91
Added Net: Name=I2S3_SD
Added Pin To Net: NetName=I2S3_WS Pin=U5-77
Added Net: Name=I2S3_WS
Added Pin To Net: NetName=ICM_CS Pin=U5-96
Added Pin To Net: NetName=ICM_CS Pin=U7-5
Added Net: Name=ICM_CS
Added Pin To Net: NetName=ICM_INT Pin=U5-95
Added Pin To Net: NetName=ICM_INT Pin=U7-6
Added Net: Name=ICM_INT
Added Pin To Net: NetName=KEY_DOWN Pin=R26-1
Added Pin To Net: NetName=KEY_DOWN Pin=SW4-2
Added Pin To Net: NetName=KEY_DOWN Pin=U5-34
Added Net: Name=KEY_DOWN
Added Pin To Net: NetName=KEY_OK Pin=D1-1
Added Pin To Net: NetName=KEY_OK Pin=U5-18
Added Net: Name=KEY_OK
Added Pin To Net: NetName=KEY_PWR Pin=D1-3
Added Pin To Net: NetName=KEY_PWR Pin=R9-1
Added Pin To Net: NetName=KEY_PWR Pin=SW2-2
Added Net: Name=KEY_PWR
Added Pin To Net: NetName=KEY_UP Pin=R25-1
Added Pin To Net: NetName=KEY_UP Pin=SW3-2
Added Pin To Net: NetName=KEY_UP Pin=U5-33
Added Net: Name=KEY_UP
Added Pin To Net: NetName=KEY_WKUP Pin=R47-1
Added Pin To Net: NetName=KEY_WKUP Pin=SW6-2
Added Pin To Net: NetName=KEY_WKUP Pin=U5-23
Added Net: Name=KEY_WKUP
Added Pin To Net: NetName=LCD_BL Pin=JP1-3
Added Pin To Net: NetName=LCD_BL Pin=U5-45
Added Net: Name=LCD_BL
Added Pin To Net: NetName=LCD_RES Pin=JP1-17
Added Pin To Net: NetName=LCD_RES Pin=U5-16
Added Net: Name=LCD_RES
Added Pin To Net: NetName=NetC8_2 Pin=C8-2
Added Pin To Net: NetName=NetC8_2 Pin=R13-2
Added Pin To Net: NetName=NetC8_2 Pin=R14-1
Added Net: Name=NetC8_2
Added Pin To Net: NetName=NetC9_2 Pin=C9-2
Added Pin To Net: NetName=NetC9_2 Pin=U3-5
Added Net: Name=NetC9_2
Added Pin To Net: NetName=NetC10_1 Pin=C10-1
Added Pin To Net: NetName=NetC10_1 Pin=R16-1
Added Pin To Net: NetName=NetC10_1 Pin=R20-2
Added Pin To Net: NetName=NetC10_1 Pin=U2-10
Added Net: Name=NetC10_1
Added Pin To Net: NetName=NetC10_2 Pin=C10-2
Added Pin To Net: NetName=NetC10_2 Pin=R17-1
Added Net: Name=NetC10_2
Added Pin To Net: NetName=NetC11_2 Pin=C11-2
Added Pin To Net: NetName=NetC11_2 Pin=R18-1
Added Net: Name=NetC11_2
Added Pin To Net: NetName=NetC30_1 Pin=C30-1
Added Pin To Net: NetName=NetC30_1 Pin=U7-14
Added Net: Name=NetC30_1
Added Pin To Net: NetName=NetD1_2 Pin=D1-2
Added Pin To Net: NetName=NetD1_2 Pin=Q4-1
Added Pin To Net: NetName=NetD1_2 Pin=Q5-3
Added Pin To Net: NetName=NetD1_2 Pin=R8-1
Added Net: Name=NetD1_2
Added Pin To Net: NetName=NetJ1_1 Pin=J1-1
Added Pin To Net: NetName=NetJ1_1 Pin=Q7-3
Added Net: Name=NetJ1_1
Added Pin To Net: NetName=NetL1_1 Pin=L1-1
Added Pin To Net: NetName=NetL1_1 Pin=U2-4
Added Net: Name=NetL1_1
Added Pin To Net: NetName=NetL1_2 Pin=L1-2
Added Pin To Net: NetName=NetL1_2 Pin=U2-2
Added Net: Name=NetL1_2
Added Pin To Net: NetName=NetLED1_1 Pin=LED1-1
Added Pin To Net: NetName=NetLED1_1 Pin=R23-2
Added Net: Name=NetLED1_1
Added Pin To Net: NetName=NetQ2_1 Pin=Q2-1
Added Pin To Net: NetName=NetQ2_1 Pin=Q3-3
Added Pin To Net: NetName=NetQ2_1 Pin=R6-1
Added Net: Name=NetQ2_1
Added Pin To Net: NetName=NetQ5_1 Pin=Q5-1
Added Pin To Net: NetName=NetQ5_1 Pin=R10-1
Added Pin To Net: NetName=NetQ5_1 Pin=R12-1
Added Net: Name=NetQ5_1
Added Pin To Net: NetName=NetR7_1 Pin=R7-1
Added Pin To Net: NetName=NetR7_1 Pin=U1-5
Added Net: Name=NetR7_1
Added Pin To Net: NetName=NetR13_1 Pin=R13-1
Added Pin To Net: NetName=NetR13_1 Pin=R18-2
Added Pin To Net: NetName=NetR13_1 Pin=U3-6
Added Net: Name=NetR13_1
Added Pin To Net: NetName=NetR15_1 Pin=R15-1
Added Pin To Net: NetName=NetR15_1 Pin=R19-2
Added Pin To Net: NetName=NetR15_1 Pin=U2-7
Added Net: Name=NetR15_1
Added Pin To Net: NetName=NetR28_1 Pin=R28-1
Added Pin To Net: NetName=NetR28_1 Pin=R40-2
Added Pin To Net: NetName=NetR28_1 Pin=U6-8
Added Pin To Net: NetName=NetR28_1 Pin=VR8-1
Added Net: Name=NetR28_1
Added Pin To Net: NetName=NetR29_1 Pin=R29-1
Added Pin To Net: NetName=NetR29_1 Pin=R39-2
Added Pin To Net: NetName=NetR29_1 Pin=U6-7
Added Pin To Net: NetName=NetR29_1 Pin=VR7-1
Added Net: Name=NetR29_1
Added Pin To Net: NetName=NetR30_1 Pin=R30-1
Added Pin To Net: NetName=NetR30_1 Pin=R37-2
Added Pin To Net: NetName=NetR30_1 Pin=U6-5
Added Pin To Net: NetName=NetR30_1 Pin=VR6-1
Added Net: Name=NetR30_1
Added Pin To Net: NetName=NetR31_1 Pin=R31-1
Added Pin To Net: NetName=NetR31_1 Pin=R36-2
Added Pin To Net: NetName=NetR31_1 Pin=U6-3
Added Pin To Net: NetName=NetR31_1 Pin=VR4-1
Added Net: Name=NetR31_1
Added Pin To Net: NetName=NetR32_1 Pin=R32-1
Added Pin To Net: NetName=NetR32_1 Pin=R35-2
Added Pin To Net: NetName=NetR32_1 Pin=U6-2
Added Pin To Net: NetName=NetR32_1 Pin=VR3-1
Added Net: Name=NetR32_1
Added Pin To Net: NetName=NetR33_1 Pin=R33-1
Added Pin To Net: NetName=NetR33_1 Pin=R34-2
Added Pin To Net: NetName=NetR33_1 Pin=U6-1
Added Pin To Net: NetName=NetR33_1 Pin=VR2-1
Added Net: Name=NetR33_1
Added Pin To Net: NetName=NRST Pin=U5-14
Added Net: Name=NRST
Added Pin To Net: NetName=OSC32_IN Pin=C13-2
Added Pin To Net: NetName=OSC32_IN Pin=U5-8
Added Pin To Net: NetName=OSC32_IN Pin=X1-2
Added Net: Name=OSC32_IN
Added Pin To Net: NetName=OSC32_OUT Pin=C14-2
Added Pin To Net: NetName=OSC32_OUT Pin=U5-9
Added Pin To Net: NetName=OSC32_OUT Pin=X1-1
Added Net: Name=OSC32_OUT
Added Pin To Net: NetName=OSC_IN Pin=C24-1
Added Pin To Net: NetName=OSC_IN Pin=U5-12
Added Pin To Net: NetName=OSC_IN Pin=X2-3
Added Net: Name=OSC_IN
Added Pin To Net: NetName=OSC_OUT Pin=C25-1
Added Pin To Net: NetName=OSC_OUT Pin=U5-13
Added Pin To Net: NetName=OSC_OUT Pin=X2-1
Added Net: Name=OSC_OUT
Added Pin To Net: NetName=PWR_EN Pin=R10-2
Added Pin To Net: NetName=PWR_EN Pin=U5-63
Added Net: Name=PWR_EN
Added Pin To Net: NetName=SD_VDD Pin=C26-1
Added Pin To Net: NetName=SD_VDD Pin=C27-1
Added Pin To Net: NetName=SD_VDD Pin=R28-2
Added Pin To Net: NetName=SD_VDD Pin=R29-2
Added Pin To Net: NetName=SD_VDD Pin=R30-2
Added Pin To Net: NetName=SD_VDD Pin=R31-2
Added Pin To Net: NetName=SD_VDD Pin=R32-2
Added Pin To Net: NetName=SD_VDD Pin=R33-2
Added Pin To Net: NetName=SD_VDD Pin=R38-1
Added Pin To Net: NetName=SD_VDD Pin=R41-2
Added Pin To Net: NetName=SD_VDD Pin=U6-4
Added Pin To Net: NetName=SD_VDD Pin=VR5-1
Added Net: Name=SD_VDD
Added Pin To Net: NetName=SDIO_CK Pin=R37-1
Added Pin To Net: NetName=SDIO_CK Pin=U5-80
Added Net: Name=SDIO_CK
Added Pin To Net: NetName=SDIO_CMD Pin=R36-1
Added Pin To Net: NetName=SDIO_CMD Pin=U5-83
Added Net: Name=SDIO_CMD
Added Pin To Net: NetName=SDIO_D0 Pin=R39-1
Added Pin To Net: NetName=SDIO_D0 Pin=U5-65
Added Net: Name=SDIO_D0
Added Pin To Net: NetName=SDIO_D1 Pin=R40-1
Added Pin To Net: NetName=SDIO_D1 Pin=U5-66
Added Net: Name=SDIO_D1
Added Pin To Net: NetName=SDIO_D2 Pin=R34-1
Added Pin To Net: NetName=SDIO_D2 Pin=U5-78
Added Net: Name=SDIO_D2
Added Pin To Net: NetName=SDIO_D3 Pin=R35-1
Added Pin To Net: NetName=SDIO_D3 Pin=U5-79
Added Net: Name=SDIO_D3
Added Pin To Net: NetName=SDIO_SW Pin=R38-2
Added Pin To Net: NetName=SDIO_SW Pin=U5-64
Added Pin To Net: NetName=SDIO_SW Pin=U6-12
Added Net: Name=SDIO_SW
Added Pin To Net: NetName=SPI1_MISO Pin=JP2-7
Added Pin To Net: NetName=SPI1_MISO Pin=U5-31
Added Net: Name=SPI1_MISO
Added Pin To Net: NetName=SPI1_MOSI Pin=JP2-8
Added Pin To Net: NetName=SPI1_MOSI Pin=U5-32
Added Net: Name=SPI1_MOSI
Added Pin To Net: NetName=SPI1_NSS Pin=JP2-3
Added Pin To Net: NetName=SPI1_NSS Pin=U5-67
Added Net: Name=SPI1_NSS
Added Pin To Net: NetName=SPI1_SCK Pin=JP2-5
Added Pin To Net: NetName=SPI1_SCK Pin=U5-30
Added Net: Name=SPI1_SCK
Added Pin To Net: NetName=SPI2_MISO Pin=U4-2
Added Pin To Net: NetName=SPI2_MISO Pin=U5-53
Added Pin To Net: NetName=SPI2_MISO Pin=U7-4
Added Net: Name=SPI2_MISO
Added Pin To Net: NetName=SPI2_MOSI Pin=U4-5
Added Pin To Net: NetName=SPI2_MOSI Pin=U5-54
Added Pin To Net: NetName=SPI2_MOSI Pin=U7-3
Added Net: Name=SPI2_MOSI
Added Pin To Net: NetName=SPI2_NSS Pin=U4-1
Added Pin To Net: NetName=SPI2_NSS Pin=U5-51
Added Net: Name=SPI2_NSS
Added Pin To Net: NetName=SPI2_SCK Pin=U4-6
Added Pin To Net: NetName=SPI2_SCK Pin=U5-52
Added Pin To Net: NetName=SPI2_SCK Pin=U7-2
Added Net: Name=SPI2_SCK
Added Pin To Net: NetName=ST_SWCLK Pin=JP?-1
Added Pin To Net: NetName=ST_SWCLK Pin=U5-76
Added Net: Name=ST_SWCLK
Added Pin To Net: NetName=ST_SWDIO Pin=JP?-2
Added Pin To Net: NetName=ST_SWDIO Pin=U5-72
Added Net: Name=ST_SWDIO
Added Pin To Net: NetName=ST_USB_N Pin=R4-2
Added Pin To Net: NetName=ST_USB_N Pin=U5-70
Added Net: Name=ST_USB_N
Added Pin To Net: NetName=ST_USB_P Pin=R5-2
Added Pin To Net: NetName=ST_USB_P Pin=U5-71
Added Net: Name=ST_USB_P
Added Pin To Net: NetName=Touch_INT Pin=JP1-19
Added Pin To Net: NetName=Touch_INT Pin=U5-36
Added Net: Name=Touch_INT
Added Pin To Net: NetName=Touch_RST Pin=JP1-22
Added Pin To Net: NetName=Touch_RST Pin=U5-17
Added Net: Name=Touch_RST
Added Pin To Net: NetName=USART1_RX Pin=JP?-3
Added Pin To Net: NetName=USART1_RX Pin=U5-69
Added Net: Name=USART1_RX
Added Pin To Net: NetName=USART1_TX Pin=JP?-4
Added Pin To Net: NetName=USART1_TX Pin=U5-68
Added Net: Name=USART1_TX
Added Pin To Net: NetName=USART2_RX Pin=U5-26
Added Net: Name=USART2_RX
Added Pin To Net: NetName=USART2_TX Pin=U5-25
Added Net: Name=USART2_TX
Added Pin To Net: NetName=USART3_RX Pin=U5-56
Added Net: Name=USART3_RX
Added Pin To Net: NetName=USART3_TX Pin=U5-55
Added Net: Name=USART3_TX
Added Pin To Net: NetName=USB_D_N Pin=R4-1
Added Pin To Net: NetName=USB_D_N Pin=USBC1-A7
Added Pin To Net: NetName=USB_D_N Pin=USBC1-B7
Added Net: Name=USB_D_N
Added Pin To Net: NetName=USB_D_P Pin=R5-1
Added Pin To Net: NetName=USB_D_P Pin=USBC1-A6
Added Pin To Net: NetName=USB_D_P Pin=USBC1-B6
Added Net: Name=USB_D_P
Added Pin To Net: NetName=USB_Inter Pin=C32-2
Added Pin To Net: NetName=USB_Inter Pin=R24-1
Added Pin To Net: NetName=USB_Inter Pin=R43-2
Added Pin To Net: NetName=USB_Inter Pin=U5-97
Added Net: Name=USB_Inter
Added Pin To Net: NetName=USB_IN Pin=Q1-1
Added Pin To Net: NetName=USB_IN Pin=Q2-3
Added Pin To Net: NetName=USB_IN Pin=Q3-1
Added Pin To Net: NetName=USB_IN Pin=R1-2
Added Pin To Net: NetName=USB_IN Pin=R24-2
Added Pin To Net: NetName=USB_IN Pin=USBC1-A4
Added Pin To Net: NetName=USB_IN Pin=USBC1-A9
Added Pin To Net: NetName=USB_IN Pin=USBC1-B4
Added Pin To Net: NetName=USB_IN Pin=USBC1-B9
Added Net: Name=USB_IN
Added Pin To Net: NetName=USER_LED Pin=LED1-2
Added Pin To Net: NetName=USER_LED Pin=U5-15
Added Net: Name=USER_LED
Added Pin To Net: NetName=VBAT_OUT Pin=D2-1
Added Pin To Net: NetName=VBAT_OUT Pin=Q4-3
Added Pin To Net: NetName=VBAT_OUT Pin=Q6-3
Added Pin To Net: NetName=VBAT_OUT Pin=R45-2
Added Net: Name=VBAT_OUT
Added Pin To Net: NetName=VBAT Pin=Q4-2
Added Pin To Net: NetName=VBAT Pin=Q7-2
Added Pin To Net: NetName=VBAT Pin=R8-2
Added Pin To Net: NetName=VBAT Pin=R9-2
Added Pin To Net: NetName=VBAT Pin=U1-3
Added Net: Name=VBAT
Added Pin To Net: NetName=VBUS Pin=C1-1
Added Pin To Net: NetName=VBUS Pin=C2-1
Added Pin To Net: NetName=VBUS Pin=D3-1
Added Pin To Net: NetName=VBUS Pin=Q1-2
Added Pin To Net: NetName=VBUS Pin=Q2-2
Added Pin To Net: NetName=VBUS Pin=Q6-1
Added Pin To Net: NetName=VBUS Pin=R6-2
Added Pin To Net: NetName=VBUS Pin=R11-1
Added Pin To Net: NetName=VBUS Pin=U1-4
Added Net: Name=VBUS
Added Pin To Net: NetName=VCAP_1 Pin=C34-2
Added Pin To Net: NetName=VCAP_1 Pin=U5-49
Added Net: Name=VCAP_1
Added Pin To Net: NetName=VCAP_2 Pin=C35-2
Added Pin To Net: NetName=VCAP_2 Pin=U5-73
Added Net: Name=VCAP_2
Added Pin To Net: NetName=VCC_3V3 Pin=C6-2
Added Pin To Net: NetName=VCC_3V3 Pin=C7-2
Added Pin To Net: NetName=VCC_3V3 Pin=C12-2
Added Pin To Net: NetName=VCC_3V3 Pin=C16-2
Added Pin To Net: NetName=VCC_3V3 Pin=C17-2
Added Pin To Net: NetName=VCC_3V3 Pin=C18-2
Added Pin To Net: NetName=VCC_3V3 Pin=C19-2
Added Pin To Net: NetName=VCC_3V3 Pin=C20-2
Added Pin To Net: NetName=VCC_3V3 Pin=C21-2
Added Pin To Net: NetName=VCC_3V3 Pin=C22-2
Added Pin To Net: NetName=VCC_3V3 Pin=C23-2
Added Pin To Net: NetName=VCC_3V3 Pin=C28-2
Added Pin To Net: NetName=VCC_3V3 Pin=C29-2
Added Pin To Net: NetName=VCC_3V3 Pin=C31-1
Added Pin To Net: NetName=VCC_3V3 Pin=JP1-2
Added Pin To Net: NetName=VCC_3V3 Pin=JP1-23
Added Pin To Net: NetName=VCC_3V3 Pin=R16-2
Added Pin To Net: NetName=VCC_3V3 Pin=R17-2
Added Pin To Net: NetName=VCC_3V3 Pin=R23-1
Added Pin To Net: NetName=VCC_3V3 Pin=R25-2
Added Pin To Net: NetName=VCC_3V3 Pin=R26-2
Added Pin To Net: NetName=VCC_3V3 Pin=R41-1
Added Pin To Net: NetName=VCC_3V3 Pin=R47-2
Added Pin To Net: NetName=VCC_3V3 Pin=SW1-2
Added Pin To Net: NetName=VCC_3V3 Pin=SW5-2
Added Pin To Net: NetName=VCC_3V3 Pin=U2-1
Added Pin To Net: NetName=VCC_3V3 Pin=U4-3
Added Pin To Net: NetName=VCC_3V3 Pin=U4-7
Added Pin To Net: NetName=VCC_3V3 Pin=U4-8
Added Pin To Net: NetName=VCC_3V3 Pin=U5-6
Added Pin To Net: NetName=VCC_3V3 Pin=U5-11
Added Pin To Net: NetName=VCC_3V3 Pin=U5-19
Added Pin To Net: NetName=VCC_3V3 Pin=U5-22
Added Pin To Net: NetName=VCC_3V3 Pin=U5-28
Added Pin To Net: NetName=VCC_3V3 Pin=U5-50
Added Pin To Net: NetName=VCC_3V3 Pin=U5-75
Added Pin To Net: NetName=VCC_3V3 Pin=U5-100
Added Pin To Net: NetName=VCC_3V3 Pin=U7-1
Added Pin To Net: NetName=VCC_3V3 Pin=U7-16
Added Net: Name=VCC_3V3
Added Pin To Net: NetName=VCC_5V Pin=JP2-2
Added Pin To Net: NetName=VCC_5V Pin=JP2-13
Added Net: Name=VCC_5V
Added Pin To Net: NetName=VCC_IN Pin=C3-2
Added Pin To Net: NetName=VCC_IN Pin=C4-2
Added Pin To Net: NetName=VCC_IN Pin=C5-2
Added Pin To Net: NetName=VCC_IN Pin=D2-2
Added Pin To Net: NetName=VCC_IN Pin=D3-2
Added Pin To Net: NetName=VCC_IN Pin=Q6-2
Added Pin To Net: NetName=VCC_IN Pin=R15-2
Added Pin To Net: NetName=VCC_IN Pin=U2-5
Added Pin To Net: NetName=VCC_IN Pin=U2-6
Added Pin To Net: NetName=VCC_IN Pin=U2-8
Added Pin To Net: NetName=VCC_IN Pin=U3-2
Added Pin To Net: NetName=VCC_IN Pin=VR1-1
Added Net: Name=VCC_IN
Added Pin To Net: NetName=VREF+ Pin=C15-2
Added Pin To Net: NetName=VREF+ Pin=R14-2
Added Pin To Net: NetName=VREF+ Pin=U5-21
Added Net: Name=VREF+
Added Class: Name=Flash
Added Class: Name=ICM20608
Added Class: Name=LCD_ADS131A04
Added Class: Name=Power_1
Added Class: Name=Power_2
Added Class: Name=SDCard
Added Class: Name=STM32F407VG_A
Added Class: Name=STM32F407VG_B
Added Differential Pair: Name=ST_USB
Added Differential Pair: Name=USB_D
Added Room: Name=Flash
Added Room: Name=ICM20608
Added Room: Name=LCD_ADS131A04
Added Room: Name=Power_1
Added Room: Name=Power_2
Added Room: Name=SDCard
Added Room: Name=STM32F407VG_A
Added Room: Name=STM32F407VG_B
