Removed Pin From Net: NetName=NetR33_1 Pin=VR2-1
Removed Pin From Net: NetName=GND Pin=VR2-2
Removed Pin From Net: NetName=NetR32_1 Pin=VR3-1
Removed Pin From Net: NetName=GND Pin=VR3-2
Removed Pin From Net: NetName=NetR31_1 Pin=VR4-1
Removed Pin From Net: NetName=GND Pin=VR4-2
Removed Pin From Net: NetName=SD_VDD Pin=VR5-1
Removed Pin From Net: NetName=GND Pin=VR5-2
Removed Pin From Net: NetName=NetR30_1 Pin=VR6-1
Removed Pin From Net: NetName=GND Pin=VR6-2
Removed Pin From Net: NetName=NetR29_1 Pin=VR7-1
Removed Pin From Net: NetName=GND Pin=VR7-2
Removed Pin From Net: NetName=NetR28_1 Pin=VR8-1
Removed Pin From Net: NetName=GND Pin=VR8-2
Added Pin To Net: NetName=GND Pin=VR2-1
Added Pin To Net: NetName=NetR33_1 Pin=VR2-2
Added Pin To Net: NetName=GND Pin=VR3-1
Added Pin To Net: NetName=NetR32_1 Pin=VR3-2
Added Pin To Net: NetName=GND Pin=VR4-1
Added Pin To Net: NetName=NetR31_1 Pin=VR4-2
Added Pin To Net: NetName=GND Pin=VR5-1
Added Pin To Net: NetName=SD_VDD Pin=VR5-2
Added Pin To Net: NetName=GND Pin=VR6-1
Added Pin To Net: NetName=NetR30_1 Pin=VR6-2
Added Pin To Net: NetName=GND Pin=VR7-1
Added Pin To Net: NetName=NetR29_1 Pin=VR7-2
Added Pin To Net: NetName=GND Pin=VR8-1
Added Pin To Net: NetName=NetR28_1 Pin=VR8-2
